actionid: py27-django18
msg: envreport
cmdargs: ['/Users/Tyrdall/projects/django-generic-positions/src/.tox/py27-django18/bin/pip', 'freeze']
env: {'PROJECT_HOME': '/Users/Tyrdall/projects', 'VERSIONER_PYTHON_PREFER_32_BIT': 'no', 'ANDROID_EMULATOR_FORCE_32BIT': 'true', 'LC_CTYPE': 'de_DE.UTF-8', 'TMPDIR': '/var/folders/8c/qkphmd1967z_b66jymhfrp680000gn/T/', 'LOGNAME': 'Tyrdall', 'USER': 'Tyrdall', 'HOME': '/Users/Tyrdall', 'PATH': '/Users/Tyrdall/projects/django-generic-positions/src/.tox/py27-django18/bin:/Users/Tyrdall/envs/django-generic-positions/bin:/Library/Frameworks/Python.framework/Versions/3.5/bin:/usr/local/bin:/usr/bin:/bin:/usr/sbin:/sbin:/usr/local/jdk1.8.0_60/bin:/home/tyrdall/Android/Sdk/tools:/home/tyrdall/Android/Sdk/platform-tools', 'VIRTUALENVWRAPPER_SCRIPT': '/usr/local/bin/virtualenvwrapper.sh', 'TERM': 'xterm-256color', 'SHELL': '/bin/bash', 'VIRTUALENVWRAPPER_PYTHON': '/usr/local/bin/python', 'VERSIONER_PYTHON_VERSION': '2.7', 'SHLVL': '1', 'XPC_FLAGS': '0x0', 'PYTHONHASHSEED': '1210597076', 'VIRTUALENVWRAPPER_VIRTUALENV_ARGS': '--no-site-packages', 'JAVA_HOME': '/usr/local/jdk1.8.0_60', 'WORKON_HOME': '/Users/Tyrdall/envs', 'XPC_SERVICE_NAME': '0', 'SSH_AUTH_SOCK': '/private/tmp/com.apple.launchd.FG3ACoeYYc/Listeners', 'VIRTUAL_ENV': '/Users/Tyrdall/projects/django-generic-positions/src/.tox/py27-django18', 'Apple_PubSub_Socket_Render': '/private/tmp/com.apple.launchd.m5ymYJqW2n/Render', 'PS1': '(django-generic-positions)\\[\\033[0;32m\\]\\u@\\h\\[\\033[0m\\]:\\w\\[\\033[0;33m\\]$(parse_git_branch)\\[\\033[0m\\]$ ', 'ANDROID_HOME': '/home/tyrdall/Android/Sdk/tools', '_': '/Users/Tyrdall/envs/django-generic-positions/bin/tox', 'VIRTUALENVWRAPPER_PROJECT_FILENAME': '.project', 'VIRTUALENVWRAPPER_HOOK_DIR': '/Users/Tyrdall/envs', 'OLDPWD': '/Users/Tyrdall/envs', '__CF_USER_TEXT_ENCODING': '0x1F5:0x0:0x3', 'PWD': '/Users/Tyrdall/projects/django-generic-positions/src', 'VIRTUALENVWRAPPER_WORKON_CD': '1'}

appnope==0.1.0
coverage==4.0.3
decorator==4.0.9
Django==1.8.12
django-coverage==1.2.4
-e git+git@github.com:bitmazk/django-generic-positions.git@235aceb42b61e1350ef603dbcb2915729d26c998#egg=django_generic_positions
django-libs==1.67.3
ecdsa==0.13
Fabric3==1.10.2.post3
fake-factory==0.5.7
flake8==2.5.4
gnureadline==6.3.3
ipaddress==1.0.16
ipdb==0.9.3
ipython==4.1.2
ipython-genutils==0.1.0
mccabe==0.4.0
mixer==5.5.7
paramiko==1.16.0
pathlib2==2.1.0
pep8==1.7.0
pexpect==4.0.1
pickleshare==0.7.2
pluggy==0.3.1
ptyprocess==0.5.1
py==1.4.31
pycrypto==2.6.1
pyflakes==1.0.0
python-dateutil==2.5.2
simplegeneric==0.8.1
six==1.10.0
tox==2.3.1
traitlets==4.2.1
virtualenv==15.0.1
