actionid: py35-django19
msg: getenv
cmdargs: [local('/Users/Tyrdall/projects/django-generic-positions/src/.tox/py35-django19/bin/pip'), 'install', 'Django>=1.9,<1.10', '-rtest_requirements.txt']
env: {'PROJECT_HOME': '/Users/Tyrdall/projects', 'VERSIONER_PYTHON_PREFER_32_BIT': 'no', 'ANDROID_EMULATOR_FORCE_32BIT': 'true', 'LC_CTYPE': 'de_DE.UTF-8', 'TMPDIR': '/var/folders/8c/qkphmd1967z_b66jymhfrp680000gn/T/', 'LOGNAME': 'Tyrdall', 'USER': 'Tyrdall', 'HOME': '/Users/Tyrdall', 'PATH': '/Users/Tyrdall/projects/django-generic-positions/src/.tox/py35-django19/bin:/Users/Tyrdall/envs/django-generic-positions/bin:/Library/Frameworks/Python.framework/Versions/3.5/bin:/usr/local/bin:/usr/bin:/bin:/usr/sbin:/sbin:/usr/local/jdk1.8.0_60/bin:/home/tyrdall/Android/Sdk/tools:/home/tyrdall/Android/Sdk/platform-tools', 'VIRTUALENVWRAPPER_SCRIPT': '/usr/local/bin/virtualenvwrapper.sh', 'TERM': 'xterm-256color', 'SHELL': '/bin/bash', 'VIRTUALENVWRAPPER_PYTHON': '/usr/local/bin/python', 'VERSIONER_PYTHON_VERSION': '2.7', 'SHLVL': '1', 'XPC_FLAGS': '0x0', 'PYTHONHASHSEED': '2021119354', 'VIRTUALENVWRAPPER_VIRTUALENV_ARGS': '--no-site-packages', 'JAVA_HOME': '/usr/local/jdk1.8.0_60', 'WORKON_HOME': '/Users/Tyrdall/envs', 'XPC_SERVICE_NAME': '0', 'SSH_AUTH_SOCK': '/private/tmp/com.apple.launchd.FG3ACoeYYc/Listeners', 'VIRTUAL_ENV': '/Users/Tyrdall/projects/django-generic-positions/src/.tox/py35-django19', 'Apple_PubSub_Socket_Render': '/private/tmp/com.apple.launchd.m5ymYJqW2n/Render', 'PS1': '(django-generic-positions)\\[\\033[0;32m\\]\\u@\\h\\[\\033[0m\\]:\\w\\[\\033[0;33m\\]$(parse_git_branch)\\[\\033[0m\\]$ ', 'ANDROID_HOME': '/home/tyrdall/Android/Sdk/tools', '_': '/Users/Tyrdall/envs/django-generic-positions/bin/tox', 'VIRTUALENVWRAPPER_PROJECT_FILENAME': '.project', 'VIRTUALENVWRAPPER_HOOK_DIR': '/Users/Tyrdall/envs', 'OLDPWD': '/Users/Tyrdall/envs', '__CF_USER_TEXT_ENCODING': '0x1F5:0x0:0x3', 'PWD': '/Users/Tyrdall/projects/django-generic-positions/src', 'VIRTUALENVWRAPPER_WORKON_CD': '1'}

Collecting Django<1.10,>=1.9
  Using cached Django-1.9.5-py2.py3-none-any.whl
Collecting mixer (from -r test_requirements.txt (line 4))
  Using cached mixer-5.5.7-py2.py3-none-any.whl
Collecting flake8 (from -r test_requirements.txt (line 5))
  Using cached flake8-2.5.4-py2.py3-none-any.whl
Collecting fabric3 (from -r test_requirements.txt (line 6))
Collecting coverage (from -r test_requirements.txt (line 7))
  Using cached coverage-4.0.3-cp35-cp35m-macosx_10_10_x86_64.whl
Collecting django-coverage (from -r test_requirements.txt (line 8))
Collecting ipdb (from -r test_requirements.txt (line 9))
Collecting django-libs (from -r test_requirements.txt (line 10))
Collecting tox (from -r test_requirements.txt (line 11))
  Using cached tox-2.3.1-py2.py3-none-any.whl
Collecting fake-factory==0.5.7 (from mixer->-r test_requirements.txt (line 4))
  Using cached fake_factory-0.5.7-py2.py3-none-any.whl
Collecting pep8!=1.6.0,!=1.6.1,!=1.6.2,>=1.5.7 (from flake8->-r test_requirements.txt (line 5))
  Using cached pep8-1.7.0-py2.py3-none-any.whl
Collecting pyflakes<1.1,>=0.8.1 (from flake8->-r test_requirements.txt (line 5))
  Using cached pyflakes-1.0.0-py2.py3-none-any.whl
Collecting mccabe<0.5,>=0.2.1 (from flake8->-r test_requirements.txt (line 5))
  Using cached mccabe-0.4.0-py2.py3-none-any.whl
Collecting six>=1.10.0 (from fabric3->-r test_requirements.txt (line 6))
  Using cached six-1.10.0-py2.py3-none-any.whl
Collecting paramiko>=1.16.0 (from fabric3->-r test_requirements.txt (line 6))
  Using cached paramiko-1.16.0-py2.py3-none-any.whl
Requirement already satisfied (use --upgrade to upgrade): setuptools in ./.tox/py35-django19/lib/python3.5/site-packages (from ipdb->-r test_requirements.txt (line 9))
Collecting ipython>=0.10 (from ipdb->-r test_requirements.txt (line 9))
  Using cached ipython-4.1.2-py3-none-any.whl
Collecting py>=1.4.17 (from tox->-r test_requirements.txt (line 11))
  Using cached py-1.4.31-py2.py3-none-any.whl
Collecting virtualenv>=1.11.2 (from tox->-r test_requirements.txt (line 11))
  Using cached virtualenv-15.0.1-py2.py3-none-any.whl
Collecting pluggy<0.4.0,>=0.3.0 (from tox->-r test_requirements.txt (line 11))
  Using cached pluggy-0.3.1-py2.py3-none-any.whl
Collecting python-dateutil>=2.4 (from fake-factory==0.5.7->mixer->-r test_requirements.txt (line 4))
  Using cached python_dateutil-2.5.2-py2.py3-none-any.whl
Collecting pycrypto!=2.4,>=2.1 (from paramiko>=1.16.0->fabric3->-r test_requirements.txt (line 6))
Collecting ecdsa>=0.11 (from paramiko>=1.16.0->fabric3->-r test_requirements.txt (line 6))
  Using cached ecdsa-0.13-py2.py3-none-any.whl
Collecting decorator (from ipython>=0.10->ipdb->-r test_requirements.txt (line 9))
  Using cached decorator-4.0.9-py2.py3-none-any.whl
Collecting pickleshare (from ipython>=0.10->ipdb->-r test_requirements.txt (line 9))
  Using cached pickleshare-0.7.2-py2.py3-none-any.whl
Collecting traitlets (from ipython>=0.10->ipdb->-r test_requirements.txt (line 9))
  Using cached traitlets-4.2.1-py2.py3-none-any.whl
Collecting simplegeneric>0.8 (from ipython>=0.10->ipdb->-r test_requirements.txt (line 9))
Collecting pexpect (from ipython>=0.10->ipdb->-r test_requirements.txt (line 9))
Collecting appnope (from ipython>=0.10->ipdb->-r test_requirements.txt (line 9))
  Using cached appnope-0.1.0-py2.py3-none-any.whl
Collecting gnureadline (from ipython>=0.10->ipdb->-r test_requirements.txt (line 9))
  Using cached gnureadline-6.3.3-cp35-cp35m-macosx_10_6_intel.macosx_10_9_intel.macosx_10_9_x86_64.macosx_10_10_intel.macosx_10_10_x86_64.whl
Collecting ipython-genutils (from traitlets->ipython>=0.10->ipdb->-r test_requirements.txt (line 9))
  Using cached ipython_genutils-0.1.0-py2.py3-none-any.whl
Collecting ptyprocess>=0.5 (from pexpect->ipython>=0.10->ipdb->-r test_requirements.txt (line 9))
  Using cached ptyprocess-0.5.1-py2.py3-none-any.whl
Installing collected packages: Django, six, python-dateutil, fake-factory, mixer, pep8, pyflakes, mccabe, flake8, pycrypto, ecdsa, paramiko, fabric3, coverage, django-coverage, decorator, pickleshare, ipython-genutils, traitlets, simplegeneric, ptyprocess, pexpect, appnope, gnureadline, ipython, ipdb, django-libs, py, virtualenv, pluggy, tox
Successfully installed Django-1.9.5 appnope-0.1.0 coverage-4.0.3 decorator-4.0.9 django-coverage-1.2.4 django-libs-1.67.3 ecdsa-0.13 fabric3-1.10.2.post3 fake-factory-0.5.7 flake8-2.5.4 gnureadline-6.3.3 ipdb-0.9.3 ipython-4.1.2 ipython-genutils-0.1.0 mccabe-0.4.0 mixer-5.5.7 paramiko-1.16.0 pep8-1.7.0 pexpect-4.0.1 pickleshare-0.7.2 pluggy-0.3.1 ptyprocess-0.5.1 py-1.4.31 pycrypto-2.6.1 pyflakes-1.0.0 python-dateutil-2.5.2 simplegeneric-0.8.1 six-1.10.0 tox-2.3.1 traitlets-4.2.1 virtualenv-15.0.1
